<?xml version="1.0" encoding="UTF-8"?>
<testsuites>
  <testsuite name="Misfits Test Suite" tests="34" assertions="53" errors="0" warnings="0" failures="0" skipped="0" time="0.841621">
    <testsuite name="CheckboxTest" file="C:\Users\Gebruiker\Documents\validation-helpers\tests\CheckboxTest.php" tests="5" assertions="10" errors="0" warnings="0" failures="0" skipped="0" time="0.231743">
      <testcase name="test_it_generates_valid_attributes" class="CheckboxTest" classname="CheckboxTest" file="C:\Users\Gebruiker\Documents\validation-helpers\tests\CheckboxTest.php" line="11" assertions="3" time="0.113505"/>
      <testcase name="test_it_generates_valid_attributes_when_the_model_does_not_have_the_attribute" class="CheckboxTest" classname="CheckboxTest" file="C:\Users\Gebruiker\Documents\validation-helpers\tests\CheckboxTest.php" line="19" assertions="2" time="0.048072"/>
      <testcase name="test_it_generates_valid_attributes_when_old_input_exists" class="CheckboxTest" classname="CheckboxTest" file="C:\Users\Gebruiker\Documents\validation-helpers\tests\CheckboxTest.php" line="31" assertions="2" time="0.016003"/>
      <testcase name="test_it_generates_valid_attributes_when_old_input_and_model_exists" class="CheckboxTest" classname="CheckboxTest" file="C:\Users\Gebruiker\Documents\validation-helpers\tests\CheckboxTest.php" line="40" assertions="1" time="0.019190"/>
      <testcase name="test_it_generates_valid_attributes_when_model_exists" class="CheckboxTest" classname="CheckboxTest" file="C:\Users\Gebruiker\Documents\validation-helpers\tests\CheckboxTest.php" line="53" assertions="2" time="0.034972"/>
    </testsuite>
    <testsuite name="ConfigTest" file="C:\Users\Gebruiker\Documents\validation-helpers\tests\ConfigTest.php" tests="1" assertions="2" errors="0" warnings="0" failures="0" skipped="0" time="0.091691">
      <testcase name="test_config_file_is_published" class="ConfigTest" classname="ConfigTest" file="C:\Users\Gebruiker\Documents\validation-helpers\tests\ConfigTest.php" line="13" assertions="2" time="0.091691"/>
    </testsuite>
    <testsuite name="ErrorTest" file="C:\Users\Gebruiker\Documents\validation-helpers\tests\ErrorTest.php" tests="5" assertions="6" errors="0" warnings="0" failures="0" skipped="0" time="0.068696">
      <testcase name="test_do_not_display_error_when_there_is_no_errors" class="ErrorTest" classname="ErrorTest" file="C:\Users\Gebruiker\Documents\validation-helpers\tests\ErrorTest.php" line="9" assertions="1" time="0.013807"/>
      <testcase name="test_display_error" class="ErrorTest" classname="ErrorTest" file="C:\Users\Gebruiker\Documents\validation-helpers\tests\ErrorTest.php" line="15" assertions="1" time="0.014472"/>
      <testcase name="test_display_error_with_custom_template" class="ErrorTest" classname="ErrorTest" file="C:\Users\Gebruiker\Documents\validation-helpers\tests\ErrorTest.php" line="22" assertions="2" time="0.016724"/>
      <testcase name="test_display_error_with_custom_template_defined_in_config" class="ErrorTest" classname="ErrorTest" file="C:\Users\Gebruiker\Documents\validation-helpers\tests\ErrorTest.php" line="31" assertions="1" time="0.011262"/>
      <testcase name="test_escape_error" class="ErrorTest" classname="ErrorTest" file="C:\Users\Gebruiker\Documents\validation-helpers\tests\ErrorTest.php" line="43" assertions="1" time="0.012431"/>
    </testsuite>
    <testsuite name="EscapeValueTest" file="C:\Users\Gebruiker\Documents\validation-helpers\tests\EscapeValueTest.php" tests="5" assertions="5" errors="0" warnings="0" failures="0" skipped="0" time="0.070493">
      <testcase name="test_escape_value_for_an_input_field" class="EscapeValueTest" classname="EscapeValueTest" file="C:\Users\Gebruiker\Documents\validation-helpers\tests\EscapeValueTest.php" line="9" assertions="1" time="0.013210"/>
      <testcase name="test_escape_value_for_a_textarea" class="EscapeValueTest" classname="EscapeValueTest" file="C:\Users\Gebruiker\Documents\validation-helpers\tests\EscapeValueTest.php" line="15" assertions="1" time="0.015642"/>
      <testcase name="test_escape_value_for_a_checkbox" class="EscapeValueTest" classname="EscapeValueTest" file="C:\Users\Gebruiker\Documents\validation-helpers\tests\EscapeValueTest.php" line="21" assertions="1" time="0.014629"/>
      <testcase name="test_escape_value_for_a_radio_button" class="EscapeValueTest" classname="EscapeValueTest" file="C:\Users\Gebruiker\Documents\validation-helpers\tests\EscapeValueTest.php" line="27" assertions="1" time="0.014334"/>
      <testcase name="test_escape_value_for_an_option" class="EscapeValueTest" classname="EscapeValueTest" file="C:\Users\Gebruiker\Documents\validation-helpers\tests\EscapeValueTest.php" line="33" assertions="1" time="0.012679"/>
    </testsuite>
    <testsuite name="InputTest" file="C:\Users\Gebruiker\Documents\validation-helpers\tests\InputTest.php" tests="5" assertions="7" errors="0" warnings="0" failures="0" skipped="0" time="0.108899">
      <testcase name="test_it_generates_valid_attributes" class="InputTest" classname="InputTest" file="C:\Users\Gebruiker\Documents\validation-helpers\tests\InputTest.php" line="20" assertions="2" time="0.021025"/>
      <testcase name="test_it_generates_valid_attributes_when_the_model_does_not_have_the_attribute" class="InputTest" classname="InputTest" file="C:\Users\Gebruiker\Documents\validation-helpers\tests\InputTest.php" line="27" assertions="2" time="0.028090"/>
      <testcase name="test_it_generates_valid_attributes_when_old_input_exists" class="InputTest" classname="InputTest" file="C:\Users\Gebruiker\Documents\validation-helpers\tests\InputTest.php" line="39" assertions="1" time="0.014165"/>
      <testcase name="test_it_generates_valid_attributes_when_old_input_and_model_exists" class="InputTest" classname="InputTest" file="C:\Users\Gebruiker\Documents\validation-helpers\tests\InputTest.php" line="46" assertions="1" time="0.018771"/>
      <testcase name="test_it_generates_valid_attributes_when_model_exists" class="InputTest" classname="InputTest" file="C:\Users\Gebruiker\Documents\validation-helpers\tests\InputTest.php" line="58" assertions="1" time="0.026848"/>
    </testsuite>
    <testsuite name="OptionsTest" file="C:\Users\Gebruiker\Documents\validation-helpers\tests\OptionsTest.php" tests="5" assertions="12" errors="0" warnings="0" failures="0" skipped="0" time="0.132672">
      <testcase name="test_it_generates_options" class="OptionsTest" classname="OptionsTest" file="C:\Users\Gebruiker\Documents\validation-helpers\tests\OptionsTest.php" line="11" assertions="3" time="0.027062"/>
      <testcase name="test_it_generates_options_with_placeholder" class="OptionsTest" classname="OptionsTest" file="C:\Users\Gebruiker\Documents\validation-helpers\tests\OptionsTest.php" line="41" assertions="1" time="0.011048"/>
      <testcase name="test_it_generates_option_when_the_model_does_not_have_the_attribute" class="OptionsTest" classname="OptionsTest" file="C:\Users\Gebruiker\Documents\validation-helpers\tests\OptionsTest.php" line="52" assertions="3" time="0.030953"/>
      <testcase name="test_it_generates_options_when_the_model_exists" class="OptionsTest" classname="OptionsTest" file="C:\Users\Gebruiker\Documents\validation-helpers\tests\OptionsTest.php" line="86" assertions="3" time="0.032008"/>
      <testcase name="test_it_generates_options_when_old_input_and_the_model_exists" class="OptionsTest" classname="OptionsTest" file="C:\Users\Gebruiker\Documents\validation-helpers\tests\OptionsTest.php" line="117" assertions="2" time="0.031601"/>
    </testsuite>
    <testsuite name="TextTest" file="C:\Users\Gebruiker\Documents\validation-helpers\tests\TextTest.php" tests="5" assertions="8" errors="0" warnings="0" failures="0" skipped="0" time="0.105241">
      <testcase name="test_it_generates_valid_attributes" class="TextTest" classname="TextTest" file="C:\Users\Gebruiker\Documents\validation-helpers\tests\TextTest.php" line="11" assertions="2" time="0.017811"/>
      <testcase name="test_it_generates_valid_attributes_when_the_model_does_not_have_the_attribute" class="TextTest" classname="TextTest" file="C:\Users\Gebruiker\Documents\validation-helpers\tests\TextTest.php" line="19" assertions="3" time="0.029276"/>
      <testcase name="test_it_generates_valid_attributes_when_old_input_exists" class="TextTest" classname="TextTest" file="C:\Users\Gebruiker\Documents\validation-helpers\tests\TextTest.php" line="32" assertions="1" time="0.013254"/>
      <testcase name="test_it_generates_valid_attributes_when_old_input_and_model_exists" class="TextTest" classname="TextTest" file="C:\Users\Gebruiker\Documents\validation-helpers\tests\TextTest.php" line="39" assertions="1" time="0.024327"/>
      <testcase name="test_it_generates_valid_attributes_when_model_exists" class="TextTest" classname="TextTest" file="C:\Users\Gebruiker\Documents\validation-helpers\tests\TextTest.php" line="51" assertions="1" time="0.020573"/>
    </testsuite>
    <testsuite name="ValueTest" file="C:\Users\Gebruiker\Documents\validation-helpers\tests\ValueTest.php" tests="3" assertions="3" errors="0" warnings="0" failures="0" skipped="0" time="0.032186">
      <testcase name="test_value_method_returns_session_empty_values" class="ValueTest" classname="ValueTest" file="C:\Users\Gebruiker\Documents\validation-helpers\tests\ValueTest.php" line="11" assertions="1" time="0.008068"/>
      <testcase name="test_value_method_returns_model_empty_values" class="ValueTest" classname="ValueTest" file="C:\Users\Gebruiker\Documents\validation-helpers\tests\ValueTest.php" line="20" assertions="1" time="0.016563"/>
      <testcase name="test_value_method_returns_default_value" class="ValueTest" classname="ValueTest" file="C:\Users\Gebruiker\Documents\validation-helpers\tests\ValueTest.php" line="32" assertions="1" time="0.007555"/>
    </testsuite>
  </testsuite>
</testsuites>
